::1 - - [31/Dec/2025 10:50:29] code 404, message File not found
::1 - - [31/Dec/2025 10:50:29] "GET /favicon.ico HTTP/1.1" 404 -
::1 - - [31/Dec/2025 10:50:37] code 404, message File not found
::1 - - [31/Dec/2025 10:50:37] "GET /favicon.ico HTTP/1.1" 404 -
::1 - - [31/Dec/2025 10:50:41] "GET /assets/sfx/assassin_q_loop.wav HTTP/1.1" 200 -
::1 - - [31/Dec/2025 10:50:41] "GET /assets/sfx/assassin_poison_throw.wav HTTP/1.1" 200 -
::1 - - [31/Dec/2025 10:50:41] "GET /assets/sfx/assassin_poison_impact.wav HTTP/1.1" 200 -
::1 - - [31/Dec/2025 11:04:53] code 404, message File not found
::1 - - [31/Dec/2025 11:04:53] "GET /favicon.ico HTTP/1.1" 404 -
::1 - - [31/Dec/2025 11:08:24] "GET /assets/sfx/warrior_dash.wav HTTP/1.1" 200 -
::1 - - [31/Dec/2025 11:17:09] "GET /index.html HTTP/1.1" 304 -
::1 - - [31/Dec/2025 11:17:15] "GET /index.html HTTP/1.1" 304 -
::1 - - [31/Dec/2025 11:17:15] "GET /index.html HTTP/1.1" 304 -
::1 - - [31/Dec/2025 11:17:23] "GET /assets/sfx/warrior_dash.wav HTTP/1.1" 200 -
::1 - - [31/Dec/2025 11:17:23] code 404, message File not found
::1 - - [31/Dec/2025 11:17:23] "GET /favicon.ico HTTP/1.1" 404 -
::1 - - [31/Dec/2025 11:26:53] "GET /index.html HTTP/1.1" 304 -
::1 - - [31/Dec/2025 11:26:53] "GET /main_hero_select.js HTTP/1.1" 200 -
::1 - - [31/Dec/2025 11:26:55] "GET /index.html HTTP/1.1" 304 -
::1 - - [31/Dec/2025 11:26:55] "GET /index.html HTTP/1.1" 304 -
::1 - - [31/Dec/2025 11:27:09] "GET /index.html HTTP/1.1" 304 -
::1 - - [31/Dec/2025 11:27:33] "GET /index.html HTTP/1.1" 304 -
::1 - - [31/Dec/2025 11:27:34] "GET /index.html HTTP/1.1" 304 -
::1 - - [31/Dec/2025 11:27:50] code 404, message File not found
::1 - - [31/Dec/2025 11:27:50] "GET /favicon.ico HTTP/1.1" 404 -
::1 - - [31/Dec/2025 11:27:57] "GET /index.html HTTP/1.1" 304 -
::1 - - [31/Dec/2025 11:27:57] "GET /index.html HTTP/1.1" 304 -
::1 - - [31/Dec/2025 11:28:22] "GET /main_hero_select.js HTTP/1.1" 304 -
::1 - - [31/Dec/2025 11:28:22] code 404, message File not found
::1 - - [31/Dec/2025 11:28:22] "GET /favicon.ico HTTP/1.1" 404 -
::1 - - [31/Dec/2025 11:28:46] code 404, message File not found
::1 - - [31/Dec/2025 11:28:46] "GET /favicon.ico HTTP/1.1" 404 -
::1 - - [31/Dec/2025 11:29:16] "GET /main_hero_select.js HTTP/1.1" 200 -
::1 - - [31/Dec/2025 11:30:57] "GET /index.html HTTP/1.1" 304 -
::1 - - [31/Dec/2025 11:30:57] "GET /main_hero_select.js HTTP/1.1" 200 -
::1 - - [31/Dec/2025 11:31:00] code 404, message File not found
::1 - - [31/Dec/2025 11:31:00] "GET /favicon.ico HTTP/1.1" 404 -
::1 - - [31/Dec/2025 11:31:17] "GET /index.html HTTP/1.1" 304 -
::1 - - [31/Dec/2025 11:32:48] "GET /index.html HTTP/1.1" 304 -
::1 - - [31/Dec/2025 11:32:50] "GET /index.html HTTP/1.1" 304 -
::1 - - [31/Dec/2025 11:32:51] "GET /main_hero_select.js HTTP/1.1" 304 -
::1 - - [31/Dec/2025 11:32:58] code 404, message File not found
::1 - - [31/Dec/2025 11:32:58] "GET /favicon.ico HTTP/1.1" 404 -
::1 - - [31/Dec/2025 11:33:31] "GET /index.html HTTP/1.1" 304 -
::1 - - [31/Dec/2025 11:33:31] "GET /main_hero_select.js HTTP/1.1" 304 -
::1 - - [31/Dec/2025 11:33:32] "GET /index.html HTTP/1.1" 304 -
::1 - - [31/Dec/2025 11:33:37] code 404, message File not found
::1 - - [31/Dec/2025 11:33:37] "GET /favicon.ico HTTP/1.1" 404 -
::1 - - [31/Dec/2025 11:45:42] code 404, message File not found
::1 - - [31/Dec/2025 11:45:42] "GET /docs/ HTTP/1.1" 404 -
::1 - - [31/Dec/2025 11:45:42] code 404, message File not found
::1 - - [31/Dec/2025 11:45:42] "GET /favicon.ico HTTP/1.1" 404 -
::1 - - [31/Dec/2025 11:45:46] "GET / HTTP/1.1" 200 -
::1 - - [31/Dec/2025 11:45:46] "GET /main_hero_select.js HTTP/1.1" 200 -
::1 - - [31/Dec/2025 11:45:51] "GET / HTTP/1.1" 200 -
::1 - - [31/Dec/2025 11:45:51] "GET /main_hero_select.js HTTP/1.1" 200 -
::1 - - [31/Dec/2025 11:45:55] code 404, message File not found
::1 - - [31/Dec/2025 11:45:55] "GET /favicon.ico HTTP/1.1" 404 -
::1 - - [31/Dec/2025 11:49:19] "GET /main_hero_select.js HTTP/1.1" 304 -
::1 - - [31/Dec/2025 11:51:01] "GET /main_hero_select.js HTTP/1.1" 304 -
::1 - - [31/Dec/2025 11:51:06] code 404, message File not found
::1 - - [31/Dec/2025 11:51:06] "GET /favicon.ico HTTP/1.1" 404 -
::1 - - [31/Dec/2025 11:57:11] "GET / HTTP/1.1" 304 -
::1 - - [31/Dec/2025 11:57:11] "GET /main_hero_select.js HTTP/1.1" 304 -
::1 - - [31/Dec/2025 12:20:43] "GET / HTTP/1.1" 304 -
::1 - - [31/Dec/2025 12:20:43] "GET /main_hero_select.js HTTP/1.1" 200 -
::1 - - [31/Dec/2025 12:20:43] "GET /net/NetClient.js HTTP/1.1" 304 -
::1 - - [31/Dec/2025 12:20:43] "GET /player/Warrior.js HTTP/1.1" 304 -
::1 - - [31/Dec/2025 12:20:43] "GET /ui/PauseMenu.js HTTP/1.1" 304 -
::1 - - [31/Dec/2025 12:20:43] "GET /player/Cyborg.js HTTP/1.1" 304 -
::1 - - [31/Dec/2025 12:20:43] "GET /entities/EnemyBase.js HTTP/1.1" 304 -
::1 - - [31/Dec/2025 12:20:51] code 404, message File not found
::1 - - [31/Dec/2025 12:20:51] "GET /favicon.ico HTTP/1.1" 404 -
::1 - - [31/Dec/2025 12:21:22] "GET /main_hero_select.js HTTP/1.1" 200 -
::1 - - [31/Dec/2025 12:21:22] "GET /net/NetClient.js HTTP/1.1" 304 -
::1 - - [31/Dec/2025 12:21:22] code 404, message File not found
::1 - - [31/Dec/2025 12:21:22] "GET /favicon.ico HTTP/1.1" 404 -
